{"name":"TIS","hostname":"DESKTOP-0NIMAT6","pid":11328,"level":30,"msg":"TIS listening at http://[::]:3000","time":"2019-03-19T10:26:24.285Z","v":0}
{"name":"TIS","hostname":"DESKTOP-0NIMAT6","pid":11328,"level":10,"msg":"GET / 404 15 ms","time":"2019-03-19T10:31:48.138Z","v":0}
{"name":"TIS","hostname":"DESKTOP-0NIMAT6","pid":11328,"level":10,"msg":"GET /favicon.ico 404 2 ms","time":"2019-03-19T10:31:50.433Z","v":0}
{"name":"TIS","hostname":"DESKTOP-0NIMAT6","pid":11328,"level":10,"msg":"GET /doacoes 404 1 ms","time":"2019-03-19T10:31:56.151Z","v":0}
{"name":"TIS","hostname":"DESKTOP-0NIMAT6","pid":11328,"level":10,"msg":"POST /doacoes 404 1 ms","time":"2019-03-19T10:38:14.920Z","v":0}
{"name":"TIS","hostname":"DESKTOP-0NIMAT6","pid":11328,"level":10,"msg":"POST /doacoes 404 1 ms","time":"2019-03-19T10:41:52.577Z","v":0}
{"name":"TIS","hostname":"DESKTOP-0NIMAT6","pid":11328,"level":10,"msg":"GET / 404 1 ms","time":"2019-03-19T10:42:10.956Z","v":0}
{"name":"TIS","hostname":"DESKTOP-0NIMAT6","pid":11328,"level":10,"msg":"POST /doacoes 404 1 ms","time":"2019-03-19T10:44:21.902Z","v":0}
{"name":"TIS","hostname":"DESKTOP-0NIMAT6","pid":11328,"level":10,"msg":"POST /doacoes 404 1 ms","time":"2019-03-19T10:44:50.139Z","v":0}
{"name":"TIS","hostname":"DESKTOP-0NIMAT6","pid":11328,"level":10,"msg":"POST /doacoes 404 1 ms","time":"2019-03-19T10:52:59.441Z","v":0}
{"name":"TIS","hostname":"DESKTOP-0NIMAT6","pid":11328,"level":10,"msg":"POST /doacoes 404 0 ms","time":"2019-03-19T10:54:09.017Z","v":0}
{"name":"TIS","hostname":"DESKTOP-0NIMAT6","pid":11328,"level":10,"msg":"POST /doacoes 404 1 ms","time":"2019-03-19T10:54:33.435Z","v":0}
{"name":"TIS","hostname":"DESKTOP-0NIMAT6","pid":11328,"level":10,"msg":"POST /doacoes 404 1 ms","time":"2019-03-19T10:55:06.662Z","v":0}
{"name":"TIS","hostname":"DESKTOP-0NIMAT6","pid":11328,"level":10,"msg":"POST /doacoes 404 1 ms","time":"2019-03-19T10:55:21.890Z","v":0}
{"name":"TIS","hostname":"DESKTOP-0NIMAT6","pid":11328,"level":10,"msg":"POST /doacoes 404 1 ms","time":"2019-03-19T10:58:16.999Z","v":0}
{"name":"TIS","hostname":"DESKTOP-0NIMAT6","pid":11328,"level":10,"msg":"POST /doacoes 404 1 ms","time":"2019-03-19T10:58:39.952Z","v":0}
{"name":"TIS","hostname":"DESKTOP-0NIMAT6","pid":11328,"level":10,"msg":"POST /doacoes 404 1 ms","time":"2019-03-19T11:01:15.097Z","v":0}
{"name":"TIS","hostname":"DESKTOP-0NIMAT6","pid":16396,"level":30,"msg":"TIS listening at http://[::]:3000","time":"2019-03-19T11:03:24.208Z","v":0}
{"name":"TIS","hostname":"DESKTOP-0NIMAT6","pid":16396,"level":10,"msg":"POST /doacoes 404 13 ms","time":"2019-03-19T11:03:52.052Z","v":0}
{"name":"TIS","hostname":"DESKTOP-0NIMAT6","pid":6556,"level":30,"msg":"TIS listening at http://[::]:3000","time":"2019-03-19T11:04:07.044Z","v":0}
{"name":"TIS","hostname":"DESKTOP-0NIMAT6","pid":6556,"level":10,"msg":"POST /doacoes 404 35 ms","time":"2019-03-19T11:04:07.121Z","v":0}
{"name":"TIS","hostname":"DESKTOP-0NIMAT6","pid":15716,"level":30,"msg":"TIS listening at http://[::]:3000","time":"2019-03-19T11:04:56.745Z","v":0}
{"name":"TIS","hostname":"DESKTOP-0NIMAT6","pid":15716,"level":10,"msg":"POST /doacoes 404 12 ms","time":"2019-03-19T11:05:10.689Z","v":0}
{"name":"TIS","hostname":"DESKTOP-0NIMAT6","pid":15716,"level":10,"msg":"POST /doacoes 404 3 ms","time":"2019-03-19T11:05:41.789Z","v":0}
{"name":"TIS","hostname":"DESKTOP-0NIMAT6","pid":15716,"level":10,"msg":"GET /doacoes 404 1 ms","time":"2019-03-19T11:05:46.644Z","v":0}
{"name":"TIS","hostname":"DESKTOP-0NIMAT6","pid":15716,"level":10,"msg":"GET /favicon.ico 404 1 ms","time":"2019-03-19T11:05:48.738Z","v":0}
{"name":"TIS","hostname":"DESKTOP-0NIMAT6","pid":1564,"level":30,"msg":"TIS listening at http://[::]:3000","time":"2019-03-19T11:06:06.954Z","v":0}
{"name":"TIS","hostname":"DESKTOP-0NIMAT6","pid":1564,"level":10,"msg":"GET /doacoes 404 11 ms","time":"2019-03-19T11:06:07.144Z","v":0}
{"name":"TIS","hostname":"DESKTOP-0NIMAT6","pid":1564,"level":10,"msg":"GET /favicon.ico 404 1 ms","time":"2019-03-19T11:06:08.137Z","v":0}
{"name":"TIS","hostname":"DESKTOP-0NIMAT6","pid":1564,"level":10,"msg":"GET /doacoes 404 1 ms","time":"2019-03-19T11:06:10.156Z","v":0}
{"name":"TIS","hostname":"DESKTOP-0NIMAT6","pid":1564,"level":10,"msg":"GET /favicon.ico 404 1 ms","time":"2019-03-19T11:06:11.122Z","v":0}
{"name":"TIS","hostname":"DESKTOP-0NIMAT6","pid":16772,"level":30,"msg":"TIS listening at http://[::]:3000","time":"2019-03-19T11:06:58.901Z","v":0}
{"name":"TIS","hostname":"DESKTOP-0NIMAT6","pid":16772,"level":10,"msg":"GET /doacao 200 56 ms","time":"2019-03-19T11:07:01.093Z","v":0}
{"name":"TIS","hostname":"DESKTOP-0NIMAT6","pid":16772,"level":10,"msg":"POST /doacoes 404 4 ms","time":"2019-03-19T11:07:08.956Z","v":0}
{"name":"TIS","hostname":"DESKTOP-0NIMAT6","pid":16772,"level":10,"msg":"POST /doacoes 404 2 ms","time":"2019-03-19T11:07:23.793Z","v":0}
{"name":"TIS","hostname":"DESKTOP-0NIMAT6","pid":16772,"level":10,"msg":"POST /doacoes 404 2 ms","time":"2019-03-19T11:07:39.523Z","v":0}
{"name":"TIS","hostname":"DESKTOP-0NIMAT6","pid":16772,"level":10,"msg":"POST /doacoes 404 0 ms","time":"2019-03-19T11:07:59.475Z","v":0}
{"name":"TIS","hostname":"DESKTOP-0NIMAT6","pid":16772,"level":10,"msg":"POST /doacoes 404 1 ms","time":"2019-03-19T11:08:02.441Z","v":0}
{"name":"TIS","hostname":"DESKTOP-0NIMAT6","pid":16772,"level":10,"msg":"POST /doacoes 404 1 ms","time":"2019-03-19T11:08:38.962Z","v":0}
{"name":"TIS","hostname":"DESKTOP-0NIMAT6","pid":16772,"level":10,"msg":"GET /doacao/ 200 13 ms","time":"2019-03-19T11:11:54.063Z","v":0}
{"name":"TIS","hostname":"DESKTOP-0NIMAT6","pid":12296,"level":30,"msg":"TIS listening at http://[::]:3000","time":"2019-03-19T11:12:43.558Z","v":0}
{"name":"TIS","hostname":"DESKTOP-0NIMAT6","pid":12296,"level":10,"msg":"POST /doacao/ 200 83 ms","time":"2019-03-19T11:13:09.263Z","v":0}
{"name":"TIS","hostname":"DESKTOP-0NIMAT6","pid":12296,"level":10,"msg":"POST /doacao/ 200 7 ms","time":"2019-03-19T11:15:05.301Z","v":0}
{"name":"TIS","hostname":"DESKTOP-0NIMAT6","pid":12296,"level":10,"msg":"POST /doacao/ 200 4 ms","time":"2019-03-19T11:19:24.640Z","v":0}
{"name":"TIS","hostname":"DESKTOP-0NIMAT6","pid":12296,"level":10,"msg":"POST /doacao/ 200 3 ms","time":"2019-03-19T11:22:07.318Z","v":0}
{"name":"TIS","hostname":"DESKTOP-0NIMAT6","pid":5972,"level":30,"msg":"TIS listening at http://[::]:3000","time":"2019-03-19T11:23:26.588Z","v":0}
{"name":"TIS","hostname":"DESKTOP-0NIMAT6","pid":5972,"level":10,"msg":"POST /doacao/ 200 53 ms","time":"2019-03-19T11:23:29.995Z","v":0}
{"name":"TIS","hostname":"DESKTOP-0NIMAT6","pid":5972,"level":10,"msg":"GET /doacao/ 200 9 ms","time":"2019-03-19T11:23:34.286Z","v":0}
{"name":"TIS","hostname":"DESKTOP-0NIMAT6","pid":5972,"level":10,"msg":"GET /favicon.ico 404 5 ms","time":"2019-03-19T11:23:36.353Z","v":0}
{"name":"TIS","hostname":"DESKTOP-0NIMAT6","pid":8496,"level":30,"msg":"TIS listening at http://[::]:3000","time":"2019-03-19T11:24:19.679Z","v":0}
{"name":"TIS","hostname":"DESKTOP-0NIMAT6","pid":8496,"level":10,"msg":"POST /doacao/ 200 58 ms","time":"2019-03-19T11:24:24.212Z","v":0}
{"name":"TIS","hostname":"DESKTOP-0NIMAT6","pid":8496,"level":10,"msg":"GET /doacao 200 6 ms","time":"2019-03-19T11:25:13.865Z","v":0}
{"name":"TIS","hostname":"DESKTOP-0NIMAT6","pid":8496,"level":10,"msg":"GET /favicon.ico 404 5 ms","time":"2019-03-19T11:25:16.448Z","v":0}
{"name":"TIS","hostname":"DESKTOP-0NIMAT6","pid":12460,"level":30,"msg":"TIS listening at http://[::]:3000","time":"2019-03-19T11:26:31.804Z","v":0}
{"name":"TIS","hostname":"DESKTOP-0NIMAT6","pid":11184,"level":30,"msg":"TIS listening at http://[::]:3000","time":"2019-03-19T11:27:04.202Z","v":0}
{"name":"TIS","hostname":"DESKTOP-0NIMAT6","pid":11184,"level":10,"msg":"GET /doacao 200 49 ms","time":"2019-03-19T11:27:10.472Z","v":0}
{"name":"TIS","hostname":"DESKTOP-0NIMAT6","pid":11184,"level":10,"msg":"GET /favicon.ico 404 5 ms","time":"2019-03-19T11:27:13.005Z","v":0}
{"name":"TIS","hostname":"DESKTOP-0NIMAT6","pid":16308,"level":30,"msg":"TIS listening at http://[::]:3000","time":"2019-03-19T11:27:40.168Z","v":0}
{"name":"TIS","hostname":"DESKTOP-0NIMAT6","pid":14648,"level":30,"msg":"TIS listening at http://[::]:3000","time":"2019-03-19T11:28:29.405Z","v":0}
{"name":"TIS","hostname":"DESKTOP-0NIMAT6","pid":15916,"level":30,"msg":"TIS listening at http://[::]:3000","time":"2019-03-19T11:29:04.028Z","v":0}
{"name":"TIS","hostname":"DESKTOP-0NIMAT6","pid":15032,"level":30,"msg":"TIS listening at http://[::]:3000","time":"2019-03-19T11:30:58.034Z","v":0}
{"name":"TIS","hostname":"DESKTOP-0NIMAT6","pid":16908,"level":30,"msg":"TIS listening at http://[::]:3000","time":"2019-03-19T11:33:37.159Z","v":0}
{"name":"TIS","hostname":"DESKTOP-0NIMAT6","pid":6760,"level":30,"msg":"TIS listening at http://[::]:3000","time":"2019-03-19T11:34:04.410Z","v":0}
{"name":"TIS","hostname":"DESKTOP-0NIMAT6","pid":16232,"level":30,"msg":"TIS listening at http://[::]:3000","time":"2019-03-19T11:35:13.354Z","v":0}
{"name":"TIS","hostname":"DESKTOP-0NIMAT6","pid":12072,"level":30,"msg":"TIS listening at http://[::]:3000","time":"2019-03-19T11:35:38.180Z","v":0}
{"name":"TIS","hostname":"DESKTOP-0NIMAT6","pid":17812,"level":30,"msg":"TIS listening at http://[::]:3000","time":"2019-03-19T11:36:16.573Z","v":0}
{"name":"TIS","hostname":"DESKTOP-0NIMAT6","pid":8068,"level":30,"msg":"TIS listening at http://[::]:3000","time":"2019-03-19T11:37:00.607Z","v":0}
{"name":"TIS","hostname":"DESKTOP-0NIMAT6","pid":8552,"level":30,"msg":"TIS listening at http://[::]:3000","time":"2019-03-19T11:38:21.316Z","v":0}
{"name":"TIS","hostname":"DESKTOP-0NIMAT6","pid":17600,"level":30,"msg":"TIS listening at http://[::]:3000","time":"2019-03-19T11:39:50.033Z","v":0}
{"name":"TIS","hostname":"DESKTOP-0NIMAT6","pid":5652,"level":30,"msg":"TIS listening at http://[::]:3000","time":"2019-03-19T11:41:05.766Z","v":0}
{"name":"TIS","hostname":"DESKTOP-0NIMAT6","pid":6184,"level":30,"msg":"TIS listening at http://[::]:3000","time":"2019-03-19T11:41:54.331Z","v":0}
{"name":"TIS","hostname":"DESKTOP-0NIMAT6","pid":12748,"level":30,"msg":"TIS listening at http://[::]:3000","time":"2019-03-19T11:44:09.985Z","v":0}
{"name":"TIS","hostname":"DESKTOP-0NIMAT6","pid":17012,"level":30,"msg":"TIS listening at http://[::]:3000","time":"2019-03-19T11:44:57.970Z","v":0}
{"name":"TIS","hostname":"DESKTOP-0NIMAT6","pid":18208,"level":30,"msg":"TIS listening at http://[::]:3000","time":"2019-03-19T11:46:06.142Z","v":0}
{"name":"TIS","hostname":"DESKTOP-0NIMAT6","pid":8992,"level":30,"msg":"TIS listening at http://[::]:3000","time":"2019-03-19T11:47:56.375Z","v":0}
{"name":"TIS","hostname":"DESKTOP-0NIMAT6","pid":8992,"level":10,"msg":"GET /doacao 200 347 ms","time":"2019-03-19T11:47:56.734Z","v":0}
{"name":"TIS","hostname":"DESKTOP-0NIMAT6","pid":8992,"level":10,"msg":"GET /favicon.ico 404 4 ms","time":"2019-03-19T11:47:59.289Z","v":0}
{"name":"TIS","hostname":"DESKTOP-0NIMAT6","pid":16668,"level":30,"msg":"TIS listening at http://[::]:3000","time":"2019-03-19T11:48:48.362Z","v":0}
{"name":"TIS","hostname":"DESKTOP-0NIMAT6","pid":16668,"level":10,"msg":"GET /doacao 200 254 ms","time":"2019-03-19T11:48:48.799Z","v":0}
{"name":"TIS","hostname":"DESKTOP-0NIMAT6","pid":16668,"level":10,"msg":"GET /doacao 200 9 ms","time":"2019-03-19T11:48:49.295Z","v":0}
{"name":"TIS","hostname":"DESKTOP-0NIMAT6","pid":16668,"level":10,"msg":"GET /doacao 200 7 ms","time":"2019-03-19T11:48:57.837Z","v":0}
{"name":"TIS","hostname":"DESKTOP-0NIMAT6","pid":16668,"level":10,"msg":"GET /doacao 200 5 ms","time":"2019-03-19T11:49:00.236Z","v":0}
{"name":"TIS","hostname":"DESKTOP-0NIMAT6","pid":16668,"level":10,"msg":"GET /doacao 200 5 ms","time":"2019-03-19T11:49:12.520Z","v":0}
{"name":"TIS","hostname":"DESKTOP-0NIMAT6","pid":14384,"level":30,"msg":"TIS listening at http://[::]:3000","time":"2019-03-19T11:49:27.209Z","v":0}
{"name":"TIS","hostname":"DESKTOP-0NIMAT6","pid":14384,"level":10,"msg":"GET /doacao 200 681 ms","time":"2019-03-19T11:49:28.374Z","v":0}
